2022-05-05 16:22:24.158 INFO  (main) [   ] o.e.j.u.log Logging initialized @861ms to org.eclipse.jetty.util.log.Slf4jLog
2022-05-05 16:22:24.343 INFO  (main) [   ] o.e.j.s.Server jetty-9.4.44.v20210927; built: 2021-09-27T23:02:44.612Z; git: 8da83308eeca865e495e53ef315a249d63ba9332; jvm 11.0.15+10
2022-05-05 16:22:24.354 INFO  (main) [   ] o.e.j.d.p.ScanningAppProvider Deployment monitor [file:///opt/solr-8.11.1/server/contexts/] at interval 0
2022-05-05 16:22:24.599 INFO  (main) [   ] o.e.j.w.StandardDescriptorProcessor NO JSP Support for /solr, did not find org.apache.jasper.servlet.JspServlet
2022-05-05 16:22:24.607 INFO  (main) [   ] o.e.j.s.session DefaultSessionIdManager workerName=node0
2022-05-05 16:22:24.607 INFO  (main) [   ] o.e.j.s.session No SessionScavenger set, using defaults
2022-05-05 16:22:24.609 INFO  (main) [   ] o.e.j.s.session node0 Scavenging every 660000ms
2022-05-05 16:22:24.653 INFO  (main) [   ] o.a.s.s.SolrDispatchFilter Using logger factory org.apache.logging.slf4j.Log4jLoggerFactory
2022-05-05 16:22:24.656 INFO  (main) [   ] o.a.s.s.SolrDispatchFilter  ___      _       Welcome to Apache Solr™ version 8.11.1
2022-05-05 16:22:24.656 INFO  (main) [   ] o.a.s.s.SolrDispatchFilter / __| ___| |_ _   Starting in standalone mode on port 8983
2022-05-05 16:22:24.656 INFO  (main) [   ] o.a.s.s.SolrDispatchFilter \__ \/ _ \ | '_|  Install dir: /opt/solr
2022-05-05 16:22:24.656 INFO  (main) [   ] o.a.s.s.SolrDispatchFilter |___/\___/_|_|    Start time: 2022-05-05T16:22:24.656944Z
2022-05-05 16:22:24.677 INFO  (main) [   ] o.a.s.c.SolrPaths Using system property solr.solr.home: /var/solr/data
2022-05-05 16:22:24.677 INFO  (main) [   ] o.a.s.c.SolrXmlConfig Loading container configuration from /var/solr/data/solr.xml
2022-05-05 16:22:24.747 INFO  (main) [   ] o.a.s.c.SolrXmlConfig MBean server found: com.sun.jmx.mbeanserver.JmxMBeanServer@4d1c005e, but no JMX reporters were configured - adding default JMX reporter.
2022-05-05 16:22:25.194 INFO  (main) [   ] o.a.s.h.c.HttpShardHandlerFactory Host whitelist initialized: WhitelistHostChecker [whitelistHosts=null, whitelistHostCheckingEnabled=true]
2022-05-05 16:22:25.305 WARN  (main) [   ] o.e.j.u.s.S.config Trusting all certificates configured for Client@fca387[provider=null,keyStore=null,trustStore=null]
2022-05-05 16:22:25.305 WARN  (main) [   ] o.e.j.u.s.S.config No Client EndPointIdentificationAlgorithm configured for Client@fca387[provider=null,keyStore=null,trustStore=null]
2022-05-05 16:22:25.428 WARN  (main) [   ] o.e.j.u.s.S.config Trusting all certificates configured for Client@aa4d8cc[provider=null,keyStore=null,trustStore=null]
2022-05-05 16:22:25.428 WARN  (main) [   ] o.e.j.u.s.S.config No Client EndPointIdentificationAlgorithm configured for Client@aa4d8cc[provider=null,keyStore=null,trustStore=null]
2022-05-05 16:22:25.456 WARN  (main) [   ] o.a.s.c.CoreContainer Not all security plugins configured!  authentication=disabled authorization=disabled.  Solr is only as secure as you make it. Consider configuring authentication/authorization before exposing Solr to users internal or external.  See https://s.apache.org/solrsecurity for more info
2022-05-05 16:22:25.585 INFO  (main) [   ] o.a.s.c.TransientSolrCoreCacheDefault Allocating transient core cache for max 2147483647 cores with initial capacity of 1024
2022-05-05 16:22:25.592 INFO  (main) [   ] o.a.s.h.a.MetricsHistoryHandler No .system collection, keeping metrics history in memory.
2022-05-05 16:22:25.644 INFO  (main) [   ] o.a.s.m.r.SolrJmxReporter JMX monitoring for 'solr.node' (registry 'solr.node') enabled at server: com.sun.jmx.mbeanserver.JmxMBeanServer@4d1c005e
2022-05-05 16:22:25.644 INFO  (main) [   ] o.a.s.m.r.SolrJmxReporter JMX monitoring for 'solr.jvm' (registry 'solr.jvm') enabled at server: com.sun.jmx.mbeanserver.JmxMBeanServer@4d1c005e
2022-05-05 16:22:25.645 INFO  (main) [   ] o.a.s.m.r.SolrJmxReporter JMX monitoring for 'solr.jetty' (registry 'solr.jetty') enabled at server: com.sun.jmx.mbeanserver.JmxMBeanServer@4d1c005e
2022-05-05 16:22:25.686 INFO  (main) [   ] o.a.s.c.CorePropertiesLocator Found 1 core definitions underneath /var/solr/data
2022-05-05 16:22:25.687 INFO  (main) [   ] o.a.s.c.CorePropertiesLocator Cores are: [mycore]
2022-05-05 16:22:25.733 INFO  (coreLoadExecutor-13-thread-1) [   x:mycore] o.a.s.c.SolrConfig Using Lucene MatchVersion: 8.11.0
2022-05-05 16:22:25.742 INFO  (main) [   ] o.e.j.s.h.ContextHandler Started o.e.j.w.WebAppContext@10650953{/solr,file:///opt/solr-8.11.1/server/solr-webapp/webapp/,AVAILABLE}{/opt/solr-8.11.1/server/solr-webapp/webapp}
2022-05-05 16:22:25.756 INFO  (main) [   ] o.e.j.s.AbstractConnector Started ServerConnector@6c5945a7{HTTP/1.1, (http/1.1, h2c)}{0.0.0.0:8983}
2022-05-05 16:22:25.756 INFO  (main) [   ] o.e.j.s.Server Started @2461ms
2022-05-05 16:22:25.762 WARN  (coreLoadExecutor-13-thread-1) [   x:mycore] o.a.s.c.SolrConfig solrconfig.xml: <jmx> is no longer supported, use solr.xml:/metrics/reporter section instead
2022-05-05 16:22:25.801 INFO  (coreLoadExecutor-13-thread-1) [   x:mycore] o.a.s.s.IndexSchema Schema name=default-config
2022-05-05 16:22:26.133 INFO  (coreLoadExecutor-13-thread-1) [   x:mycore] o.a.s.s.IndexSchema Loaded schema default-config/1.6 with uniqueid field id
2022-05-05 16:22:26.216 INFO  (coreLoadExecutor-13-thread-1) [   x:mycore] o.a.s.c.CoreContainer Creating SolrCore 'mycore' using configuration from instancedir /var/solr/data/mycore, trusted=true
2022-05-05 16:22:26.235 INFO  (coreLoadExecutor-13-thread-1) [   x:mycore] o.a.s.m.r.SolrJmxReporter JMX monitoring for 'solr.core.mycore' (registry 'solr.core.mycore') enabled at server: com.sun.jmx.mbeanserver.JmxMBeanServer@4d1c005e
2022-05-05 16:22:26.244 INFO  (coreLoadExecutor-13-thread-1) [   x:mycore] o.a.s.c.SolrCore [[mycore] ] Opening new SolrCore at [/var/solr/data/mycore], dataDir=[/var/solr/data/mycore/data/]
2022-05-05 16:22:26.892 INFO  (coreLoadExecutor-13-thread-1) [   x:mycore] o.a.s.u.UpdateHandler Using UpdateLog implementation: org.apache.solr.update.UpdateLog
2022-05-05 16:22:26.892 INFO  (coreLoadExecutor-13-thread-1) [   x:mycore] o.a.s.u.UpdateLog Initializing UpdateLog: dataDir= defaultSyncLevel=FLUSH numRecordsToKeep=100 maxNumLogsToKeep=10 numVersionBuckets=65536
2022-05-05 16:22:26.913 INFO  (coreLoadExecutor-13-thread-1) [   x:mycore] o.a.s.u.CommitTracker Hard AutoCommit: if uncommitted for 15000ms; 
2022-05-05 16:22:26.913 INFO  (coreLoadExecutor-13-thread-1) [   x:mycore] o.a.s.u.CommitTracker Soft AutoCommit: disabled
2022-05-05 16:22:26.978 INFO  (coreLoadExecutor-13-thread-1) [   x:mycore] o.a.s.r.ManagedResourceStorage File-based storage initialized to use dir: /var/solr/data/mycore/conf
2022-05-05 16:22:26.988 INFO  (coreLoadExecutor-13-thread-1) [   x:mycore] o.a.s.h.c.SuggestComponent Initializing SuggestComponent
2022-05-05 16:22:26.990 INFO  (coreLoadExecutor-13-thread-1) [   x:mycore] o.a.s.s.s.SolrSuggester init: {name=mySuggester,lookupImpl=FuzzyLookupFactory,dictionaryImpl=DocumentDictionaryFactory,field=title,weightField=score,suggestAnalyzerFieldType=string,buildOnStartup=false}
2022-05-05 16:22:27.002 INFO  (coreLoadExecutor-13-thread-1) [   x:mycore] o.a.s.s.s.SolrSuggester Dictionary loaded with params: {name=mySuggester,lookupImpl=FuzzyLookupFactory,dictionaryImpl=DocumentDictionaryFactory,field=title,weightField=score,suggestAnalyzerFieldType=string,buildOnStartup=false}
2022-05-05 16:22:27.002 INFO  (coreLoadExecutor-13-thread-1) [   x:mycore] o.a.s.h.c.SpellCheckComponent Initializing spell checkers
2022-05-05 16:22:27.051 INFO  (coreLoadExecutor-13-thread-1) [   x:mycore] o.a.s.h.c.SpellCheckComponent Registering newSearcher listener for spellchecker: default
2022-05-05 16:22:27.059 INFO  (coreLoadExecutor-13-thread-1) [   x:mycore] o.a.s.h.ReplicationHandler Commits will be reserved for 10000 ms
2022-05-05 16:22:27.063 INFO  (coreLoadExecutor-13-thread-1) [   x:mycore] o.a.s.u.UpdateLog Could not find max version in index or recent updates, using new clock 1732004017144332288
2022-05-05 16:22:27.072 INFO  (searcherExecutor-15-thread-1-processing-x:mycore) [   x:mycore] o.a.s.c.QuerySenderListener QuerySenderListener done.
2022-05-05 16:22:27.072 INFO  (searcherExecutor-15-thread-1-processing-x:mycore) [   x:mycore] o.a.s.h.c.SpellCheckComponent Loading spell index for spellchecker: default
2022-05-05 16:22:27.086 INFO  (searcherExecutor-15-thread-1-processing-x:mycore) [   x:mycore] o.a.s.c.SolrCore [mycore]  Registered new searcher autowarm time: 0 ms
